# JRE version: OpenJDK Runtime Environment (8.0_212-b04) (build 1.8.0_212-release-1586-b04)
# Java VM: OpenJDK 64-Bit Server VM (25.212-b04 mixed mode windows-amd64 compressed oops)
Heap:
 PSYoungGen      total 92672K, used 30653K [0x00000000e0000000, 0x00000000e7800000, 0x0000000100000000)
  eden space 83968K, 26% used [0x00000000e0000000,0x00000000e157d498,0x00000000e5200000)
  from space 8704K, 99% used [0x00000000e6f80000,0x00000000e77f2278,0x00000000e7800000)
  to   space 11776K, 0% used [0x00000000e6100000,0x00000000e6100000,0x00000000e6c80000)
 ParOldGen       total 112128K, used 35920K [0x00000000a0000000, 0x00000000a6d80000, 0x00000000e0000000)
  object space 112128K, 32% used [0x00000000a0000000,0x00000000a2314220,0x00000000a6d80000)
 Metaspace       used 63773K, capacity 65912K, committed 66196K, reserved 1105920K
  class space    used 8569K, capacity 9090K, committed 9148K, reserved 1048576K
GC Heap History (10 events):
Event: 49.133 GC heap before
{Heap before GC invocations=19 (full 2):
 PSYoungGen      total 83968K, used 82266K [0x00000000e0000000, 0x00000000e5c80000, 0x0000000100000000)
  eden space 75264K, 100% used [0x00000000e0000000,0x00000000e4980000,0x00000000e4980000)
  from space 8704K, 80% used [0x00000000e5400000,0x00000000e5ad6828,0x00000000e5c80000)
  to   space 9728K, 0% used [0x00000000e4980000,0x00000000e4980000,0x00000000e5300000)
 ParOldGen       total 72192K, used 21424K [0x00000000a0000000, 0x00000000a4680000, 0x00000000e0000000)
  object space 72192K, 29% used [0x00000000a0000000,0x00000000a14ec320,0x00000000a4680000)
 Metaspace       used 49846K, capacity 51248K, committed 51544K, reserved 1093632K
  class space    used 6758K, capacity 7192K, committed 7296K, reserved 1048576K
Event: 49.148 GC heap after
Heap after GC invocations=19 (full 2):
 PSYoungGen      total 84992K, used 9726K [0x00000000e0000000, 0x00000000e6a80000, 0x0000000100000000)
  eden space 75264K, 0% used [0x00000000e0000000,0x00000000e0000000,0x00000000e4980000)
  from space 9728K, 99% used [0x00000000e4980000,0x00000000e52ffa90,0x00000000e5300000)
  to   space 11264K, 0% used [0x00000000e5f80000,0x00000000e5f80000,0x00000000e6a80000)
 ParOldGen       total 72192K, used 22996K [0x00000000a0000000, 0x00000000a4680000, 0x00000000e0000000)
  object space 72192K, 31% used [0x00000000a0000000,0x00000000a1675138,0x00000000a4680000)
 Metaspace       used 49846K, capacity 51248K, committed 51544K, reserved 1093632K
  class space    used 6758K, capacity 7192K, committed 7296K, reserved 1048576K
}
Event: 50.916 GC heap before
{Heap before GC invocations=20 (full 2):
 PSYoungGen      total 84992K, used 84990K [0x00000000e0000000, 0x00000000e6a80000, 0x0000000100000000)
  eden space 75264K, 100% used [0x00000000e0000000,0x00000000e4980000,0x00000000e4980000)
  from space 9728K, 99% used [0x00000000e4980000,0x00000000e52ffa90,0x00000000e5300000)
  to   space 11264K, 0% used [0x00000000e5f80000,0x00000000e5f80000,0x00000000e6a80000)
 ParOldGen       total 72192K, used 22996K [0x00000000a0000000, 0x00000000a4680000, 0x00000000e0000000)
  object space 72192K, 31% used [0x00000000a0000000,0x00000000a1675138,0x00000000a4680000)
 Metaspace       used 53114K, capacity 54664K, committed 54872K, reserved 1095680K
  class space    used 7301K, capacity 7711K, committed 7808K, reserved 1048576K
Event: 50.954 GC heap after
Heap after GC invocations=20 (full 2):
 PSYoungGen      total 97280K, used 7347K [0x00000000e0000000, 0x00000000e6f80000, 0x0000000100000000)
  eden space 86016K, 0% used [0x00000000e0000000,0x00000000e0000000,0x00000000e5400000)
  from space 11264K, 65% used [0x00000000e5f80000,0x00000000e66acc40,0x00000000e6a80000)
  to   space 11776K, 0% used [0x00000000e5400000,0x00000000e5400000,0x00000000e5f80000)
 ParOldGen       total 72192K, used 30769K [0x00000000a0000000, 0x00000000a4680000, 0x00000000e0000000)
  object space 72192K, 42% used [0x00000000a0000000,0x00000000a1e0c480,0x00000000a4680000)
 Metaspace       used 53114K, capacity 54664K, committed 54872K, reserved 1095680K
  class space    used 7301K, capacity 7711K, committed 7808K, reserved 1048576K
}
Event: 53.275 GC heap before
{Heap before GC invocations=21 (full 2):
 PSYoungGen      total 97280K, used 65472K [0x00000000e0000000, 0x00000000e6f80000, 0x0000000100000000)
  eden space 86016K, 67% used [0x00000000e0000000,0x00000000e38c3628,0x00000000e5400000)
  from space 11264K, 65% used [0x00000000e5f80000,0x00000000e66acc40,0x00000000e6a80000)
  to   space 11776K, 0% used [0x00000000e5400000,0x00000000e5400000,0x00000000e5f80000)
 ParOldGen       total 72192K, used 30769K [0x00000000a0000000, 0x00000000a4680000, 0x00000000e0000000)
  object space 72192K, 42% used [0x00000000a0000000,0x00000000a1e0c480,0x00000000a4680000)
 Metaspace       used 57243K, capacity 58924K, committed 59028K, reserved 1099776K
  class space    used 7909K, capacity 8331K, committed 8380K, reserved 1048576K
Event: 53.293 GC heap after
Heap after GC invocations=21 (full 2):
 PSYoungGen      total 97792K, used 5646K [0x00000000e0000000, 0x00000000e7a80000, 0x0000000100000000)
  eden space 86016K, 0% used [0x00000000e0000000,0x00000000e0000000,0x00000000e5400000)
  from space 11776K, 47% used [0x00000000e5400000,0x00000000e5983b58,0x00000000e5f80000)
  to   space 11264K, 0% used [0x00000000e6f80000,0x00000000e6f80000,0x00000000e7a80000)
 ParOldGen       total 72192K, used 35593K [0x00000000a0000000, 0x00000000a4680000, 0x00000000e0000000)
  object space 72192K, 49% used [0x00000000a0000000,0x00000000a22c24d0,0x00000000a4680000)
 Metaspace       used 57243K, capacity 58924K, committed 59028K, reserved 1099776K
  class space    used 7909K, capacity 8331K, committed 8380K, reserved 1048576K
}
Event: 53.293 GC heap before
{Heap before GC invocations=22 (full 3):
 PSYoungGen      total 97792K, used 5646K [0x00000000e0000000, 0x00000000e7a80000, 0x0000000100000000)
  eden space 86016K, 0% used [0x00000000e0000000,0x00000000e0000000,0x00000000e5400000)
  from space 11776K, 47% used [0x00000000e5400000,0x00000000e5983b58,0x00000000e5f80000)
  to   space 11264K, 0% used [0x00000000e6f80000,0x00000000e6f80000,0x00000000e7a80000)
 ParOldGen       total 72192K, used 35593K [0x00000000a0000000, 0x00000000a4680000, 0x00000000e0000000)
  object space 72192K, 49% used [0x00000000a0000000,0x00000000a22c24d0,0x00000000a4680000)
 Metaspace       used 57243K, capacity 58924K, committed 59028K, reserved 1099776K
  class space    used 7909K, capacity 8331K, committed 8380K, reserved 1048576K
Event: 53.663 GC heap after
Heap after GC invocations=22 (full 3):
 PSYoungGen      total 97792K, used 0K [0x00000000e0000000, 0x00000000e7a80000, 0x0000000100000000)
  eden space 86016K, 0% used [0x00000000e0000000,0x00000000e0000000,0x00000000e5400000)
  from space 11776K, 0% used [0x00000000e5400000,0x00000000e5400000,0x00000000e5f80000)
  to   space 11264K, 0% used [0x00000000e6f80000,0x00000000e6f80000,0x00000000e7a80000)
 ParOldGen       total 112128K, used 35912K [0x00000000a0000000, 0x00000000a6d80000, 0x00000000e0000000)
  object space 112128K, 32% used [0x00000000a0000000,0x00000000a2312220,0x00000000a6d80000)
 Metaspace       used 57243K, capacity 58924K, committed 59028K, reserved 1099776K
  class space    used 7909K, capacity 8331K, committed 8380K, reserved 1048576K
}
Event: 823.586 GC heap before
{Heap before GC invocations=23 (full 3):
 PSYoungGen      total 97792K, used 86016K [0x00000000e0000000, 0x00000000e7a80000, 0x0000000100000000)
  eden space 86016K, 100% used [0x00000000e0000000,0x00000000e5400000,0x00000000e5400000)
  from space 11776K, 0% used [0x00000000e5400000,0x00000000e5400000,0x00000000e5f80000)
  to   space 11264K, 0% used [0x00000000e6f80000,0x00000000e6f80000,0x00000000e7a80000)
 ParOldGen       total 112128K, used 35912K [0x00000000a0000000, 0x00000000a6d80000, 0x00000000e0000000)
  object space 112128K, 32% used [0x00000000a0000000,0x00000000a2312220,0x00000000a6d80000)
 Metaspace       used 63453K, capacity 65554K, committed 65684K, reserved 1105920K
  class space    used 8560K, capacity 9075K, committed 9148K, reserved 1048576K
Event: 823.603 GC heap after
Heap after GC invocations=23 (full 3):
 PSYoungGen      total 92672K, used 8648K [0x00000000e0000000, 0x00000000e7800000, 0x0000000100000000)
  eden space 83968K, 0% used [0x00000000e0000000,0x00000000e0000000,0x00000000e5200000)
  from space 8704K, 99% used [0x00000000e6f80000,0x00000000e77f2278,0x00000000e7800000)
  to   space 11776K, 0% used [0x00000000e6100000,0x00000000e6100000,0x00000000e6c80000)
 ParOldGen       total 112128K, used 35920K [0x00000000a0000000, 0x00000000a6d80000, 0x00000000e0000000)
  object space 112128K, 32% used [0x00000000a0000000,0x00000000a2314220,0x00000000a6d80000)
 Metaspace       used 63453K, capacity 65554K, committed 65684K, reserved 1105920K
  class space    used 8560K, capacity 9075K, committed 9148K, reserved 1048576K
}

